<?xml version="1.0" encoding="UTF-8"?>
<testsuite xmlns:xsi="http://www.w3.org/2001/XMLSchema-instance" xsi:noNamespaceSchemaLocation="https://maven.apache.org/surefire/maven-surefire-plugin/xsd/surefire-test-report-3.0.xsd" version="3.0" name="org.nmcpye.am.artemis.audit.listener.AnnotationUtilsTest" time="0.133" tests="2" errors="0" skipped="0" failures="0">
  <properties>
[...]
</properties>
  <testcase name="testGetAnnotatedFields" classname="org.nmcpye.am.artemis.audit.listener.AnnotationUtilsTest" time="0"/>
  <testcase name="testIsAnnotationPresent" classname="org.nmcpye.am.artemis.audit.listener.AnnotationUtilsTest" time="0.117"/>
</testsuite>